<?xml version="1.0" encoding="UTF-8"?>
<testsuite name="cn.edu.dhu.library.littlebee.LittlebeeApplicationTests" tests="1" skipped="0" failures="0" errors="0" timestamp="2015-11-24T11:57:07" hostname="wujy-Inspiron-7520" time="0.005">
  <properties/>
  <testcase name="contextLoads" classname="cn.edu.dhu.library.littlebee.LittlebeeApplicationTests" time="0.005"/>
  <system-out><![CDATA[19:57:00.508 [Test worker] DEBUG o.s.t.c.j.SpringJUnit4ClassRunner - SpringJUnit4ClassRunner constructor called with [class cn.edu.dhu.library.littlebee.LittlebeeApplicationTests]
19:57:00.515 [Test worker] DEBUG o.s.test.context.BootstrapUtils - Instantiating TestContextBootstrapper from class [org.springframework.test.context.web.WebTestContextBootstrapper]
19:57:00.532 [Test worker] DEBUG o.s.t.c.w.WebTestContextBootstrapper - Found explicit ContextLoader class [org.springframework.boot.test.SpringApplicationContextLoader] for context configuration attributes [ContextConfigurationAttributes@3ee87249 declaringClass = 'cn.edu.dhu.library.littlebee.LittlebeeApplicationTests', classes = '{class cn.edu.dhu.library.littlebee.LittlebeeApplication}', locations = '{}', inheritLocations = true, initializers = '{}', inheritInitializers = true, name = [null], contextLoaderClass = 'org.springframework.boot.test.SpringApplicationContextLoader']
19:57:00.537 [Test worker] DEBUG o.s.t.c.support.ActiveProfilesUtils - Could not find an 'annotation declaring class' for annotation type [org.springframework.test.context.ActiveProfiles] and class [cn.edu.dhu.library.littlebee.LittlebeeApplicationTests]
19:57:00.540 [Test worker] DEBUG o.s.t.c.w.WebTestContextBootstrapper - @TestExecutionListeners is not present for class [cn.edu.dhu.library.littlebee.LittlebeeApplicationTests]: using defaults.
19:57:00.548 [Test worker] INFO  o.s.t.c.w.WebTestContextBootstrapper - Loaded default TestExecutionListener class names from location [META-INF/spring.factories]: [org.springframework.test.context.web.ServletTestExecutionListener, org.springframework.test.context.support.DependencyInjectionTestExecutionListener, org.springframework.test.context.support.DirtiesContextTestExecutionListener, org.springframework.test.context.transaction.TransactionalTestExecutionListener, org.springframework.test.context.jdbc.SqlScriptsTestExecutionListener]
19:57:00.563 [Test worker] INFO  o.s.t.c.w.WebTestContextBootstrapper - Using TestExecutionListeners: [org.springframework.test.context.web.ServletTestExecutionListener@20bd47a0, org.springframework.test.context.support.DependencyInjectionTestExecutionListener@2399f849, org.springframework.test.context.support.DirtiesContextTestExecutionListener@20843473, org.springframework.test.context.transaction.TransactionalTestExecutionListener@1e980887, org.springframework.test.context.jdbc.SqlScriptsTestExecutionListener@5452dcb3]
19:57:00.566 [Test worker] DEBUG o.s.t.annotation.ProfileValueUtils - Retrieved @ProfileValueSourceConfiguration [null] for test class [cn.edu.dhu.library.littlebee.LittlebeeApplicationTests]
19:57:00.567 [Test worker] DEBUG o.s.t.annotation.ProfileValueUtils - Retrieved ProfileValueSource type [class org.springframework.test.annotation.SystemProfileValueSource] for class [cn.edu.dhu.library.littlebee.LittlebeeApplicationTests]
19:57:00.568 [Test worker] DEBUG o.s.t.annotation.ProfileValueUtils - Retrieved @ProfileValueSourceConfiguration [null] for test class [cn.edu.dhu.library.littlebee.LittlebeeApplicationTests]
19:57:00.568 [Test worker] DEBUG o.s.t.annotation.ProfileValueUtils - Retrieved ProfileValueSource type [class org.springframework.test.annotation.SystemProfileValueSource] for class [cn.edu.dhu.library.littlebee.LittlebeeApplicationTests]
19:57:00.571 [Test worker] DEBUG o.s.t.annotation.ProfileValueUtils - Retrieved @ProfileValueSourceConfiguration [null] for test class [cn.edu.dhu.library.littlebee.LittlebeeApplicationTests]
19:57:00.571 [Test worker] DEBUG o.s.t.annotation.ProfileValueUtils - Retrieved ProfileValueSource type [class org.springframework.test.annotation.SystemProfileValueSource] for class [cn.edu.dhu.library.littlebee.LittlebeeApplicationTests]
19:57:00.657 [Test worker] DEBUG o.s.core.env.StandardEnvironment - Adding [systemProperties] PropertySource with lowest search precedence
19:57:00.659 [Test worker] DEBUG o.s.core.env.StandardEnvironment - Adding [systemEnvironment] PropertySource with lowest search precedence
19:57:00.659 [Test worker] DEBUG o.s.core.env.StandardEnvironment - Initialized StandardEnvironment with PropertySources [systemProperties,systemEnvironment]
19:57:00.660 [Test worker] DEBUG o.s.core.env.StandardEnvironment - Adding [integrationTest] PropertySource with search precedence immediately lower than [systemEnvironment]

  .   ____          _            __ _ _
 /\\ / ___'_ __ _ _(_)_ __  __ _ \ \ \ \
( ( )\___ | '_ | '_| | '_ \/ _` | \ \ \ \
 \\/  ___)| |_)| | | | | || (_| |  ) ) ) )
  '  |____| .__|_| |_|_| |_\__, | / / / /
 =========|_|==============|___/=/_/_/_/
 :: Spring Boot ::        (v1.2.7.RELEASE)

2015-11-24 19:57:00.816  INFO 21732 --- [    Test worker] c.e.d.l.l.LittlebeeApplicationTests      : Starting LittlebeeApplicationTests on wujy-Inspiron-7520 with PID 21732 (/home/wujy/Dev/littlebee/build/classes/test started by wujy in /home/wujy/Dev/littlebee)
2015-11-24 19:57:00.868  INFO 21732 --- [    Test worker] o.s.w.c.s.GenericWebApplicationContext   : Refreshing org.springframework.web.context.support.GenericWebApplicationContext@3b856aae: startup date [Tue Nov 24 19:57:00 CST 2015]; root of context hierarchy
2015-11-24 19:57:01.543  INFO 21732 --- [    Test worker] o.s.b.f.s.DefaultListableBeanFactory     : Overriding bean definition for bean 'beanNameViewResolver': replacing [Root bean: class [null]; scope=; abstract=false; lazyInit=false; autowireMode=3; dependencyCheck=0; autowireCandidate=true; primary=false; factoryBeanName=org.springframework.boot.autoconfigure.web.ErrorMvcAutoConfiguration$WhitelabelErrorViewConfiguration; factoryMethodName=beanNameViewResolver; initMethodName=null; destroyMethodName=(inferred); defined in class path resource [org/springframework/boot/autoconfigure/web/ErrorMvcAutoConfiguration$WhitelabelErrorViewConfiguration.class]] with [Root bean: class [null]; scope=; abstract=false; lazyInit=false; autowireMode=3; dependencyCheck=0; autowireCandidate=true; primary=false; factoryBeanName=org.springframework.boot.autoconfigure.web.WebMvcAutoConfiguration$WebMvcAutoConfigurationAdapter; factoryMethodName=beanNameViewResolver; initMethodName=null; destroyMethodName=(inferred); defined in class path resource [org/springframework/boot/autoconfigure/web/WebMvcAutoConfiguration$WebMvcAutoConfigurationAdapter.class]]
2015-11-24 19:57:02.169  INFO 21732 --- [    Test worker] trationDelegate$BeanPostProcessorChecker : Bean 'org.springframework.transaction.annotation.ProxyTransactionManagementConfiguration' of type [class org.springframework.transaction.annotation.ProxyTransactionManagementConfiguration$$EnhancerBySpringCGLIB$$36dc8b2e] is not eligible for getting processed by all BeanPostProcessors (for example: not eligible for auto-proxying)
2015-11-24 19:57:02.194  INFO 21732 --- [    Test worker] trationDelegate$BeanPostProcessorChecker : Bean 'transactionAttributeSource' of type [class org.springframework.transaction.annotation.AnnotationTransactionAttributeSource] is not eligible for getting processed by all BeanPostProcessors (for example: not eligible for auto-proxying)
2015-11-24 19:57:02.203  INFO 21732 --- [    Test worker] trationDelegate$BeanPostProcessorChecker : Bean 'transactionInterceptor' of type [class org.springframework.transaction.interceptor.TransactionInterceptor] is not eligible for getting processed by all BeanPostProcessors (for example: not eligible for auto-proxying)
2015-11-24 19:57:02.208  INFO 21732 --- [    Test worker] trationDelegate$BeanPostProcessorChecker : Bean 'org.springframework.transaction.config.internalTransactionAdvisor' of type [class org.springframework.transaction.interceptor.BeanFactoryTransactionAttributeSourceAdvisor] is not eligible for getting processed by all BeanPostProcessors (for example: not eligible for auto-proxying)
2015-11-24 19:57:02.683  INFO 21732 --- [    Test worker] j.LocalContainerEntityManagerFactoryBean : Building JPA container EntityManagerFactory for persistence unit 'default'
2015-11-24 19:57:02.699  INFO 21732 --- [    Test worker] o.hibernate.jpa.internal.util.LogHelper  : HHH000204: Processing PersistenceUnitInfo [
	name: default
	...]
2015-11-24 19:57:02.836  INFO 21732 --- [    Test worker] org.hibernate.Version                    : HHH000412: Hibernate Core {4.3.11.Final}
2015-11-24 19:57:02.837  INFO 21732 --- [    Test worker] org.hibernate.cfg.Environment            : HHH000206: hibernate.properties not found
2015-11-24 19:57:02.839  INFO 21732 --- [    Test worker] org.hibernate.cfg.Environment            : HHH000021: Bytecode provider name : javassist
2015-11-24 19:57:03.020  INFO 21732 --- [    Test worker] o.hibernate.annotations.common.Version   : HCANN000001: Hibernate Commons Annotations {4.0.5.Final}
2015-11-24 19:57:03.490  INFO 21732 --- [    Test worker] org.hibernate.dialect.Dialect            : HHH000400: Using dialect: org.hibernate.dialect.MySQLDialect
2015-11-24 19:57:03.672  INFO 21732 --- [    Test worker] o.h.h.i.ast.ASTQueryTranslatorFactory    : HHH000397: Using ASTQueryTranslatorFactory
2015-11-24 19:57:03.988  INFO 21732 --- [    Test worker] org.hibernate.tool.hbm2ddl.SchemaUpdate  : HHH000228: Running hbm2ddl schema update
2015-11-24 19:57:03.988  INFO 21732 --- [    Test worker] org.hibernate.tool.hbm2ddl.SchemaUpdate  : HHH000102: Fetching database metadata
2015-11-24 19:57:03.990  INFO 21732 --- [    Test worker] org.hibernate.tool.hbm2ddl.SchemaUpdate  : HHH000396: Updating schema
2015-11-24 19:57:03.996  INFO 21732 --- [    Test worker] java.sql.DatabaseMetaData                : HHH000262: Table not found: activity
2015-11-24 19:57:03.997  INFO 21732 --- [    Test worker] java.sql.DatabaseMetaData                : HHH000262: Table not found: activity_newsletters
2015-11-24 19:57:03.999  INFO 21732 --- [    Test worker] java.sql.DatabaseMetaData                : HHH000262: Table not found: activity_users
2015-11-24 19:57:03.999  INFO 21732 --- [    Test worker] java.sql.DatabaseMetaData                : HHH000262: Table not found: newsletter
2015-11-24 19:57:04.000  INFO 21732 --- [    Test worker] java.sql.DatabaseMetaData                : HHH000262: Table not found: newsletter_photos
2015-11-24 19:57:04.001  INFO 21732 --- [    Test worker] java.sql.DatabaseMetaData                : HHH000262: Table not found: notice
2015-11-24 19:57:04.002  INFO 21732 --- [    Test worker] java.sql.DatabaseMetaData                : HHH000262: Table not found: permission
2015-11-24 19:57:04.003  INFO 21732 --- [    Test worker] java.sql.DatabaseMetaData                : HHH000262: Table not found: resource
2015-11-24 19:57:04.004  INFO 21732 --- [    Test worker] java.sql.DatabaseMetaData                : HHH000262: Table not found: reward_penalty
2015-11-24 19:57:04.004  INFO 21732 --- [    Test worker] java.sql.DatabaseMetaData                : HHH000262: Table not found: reward_penalty_users
2015-11-24 19:57:04.005  INFO 21732 --- [    Test worker] java.sql.DatabaseMetaData                : HHH000262: Table not found: role
2015-11-24 19:57:04.006  INFO 21732 --- [    Test worker] java.sql.DatabaseMetaData                : HHH000262: Table not found: role_permissions
2015-11-24 19:57:04.006  INFO 21732 --- [    Test worker] java.sql.DatabaseMetaData                : HHH000262: Table not found: salary
2015-11-24 19:57:04.007  INFO 21732 --- [    Test worker] java.sql.DatabaseMetaData                : HHH000262: Table not found: user
2015-11-24 19:57:04.008  INFO 21732 --- [    Test worker] java.sql.DatabaseMetaData                : HHH000262: Table not found: user_reward_penalties
2015-11-24 19:57:04.009  INFO 21732 --- [    Test worker] java.sql.DatabaseMetaData                : HHH000262: Table not found: user_roles
2015-11-24 19:57:04.009  INFO 21732 --- [    Test worker] java.sql.DatabaseMetaData                : HHH000262: Table not found: activity
2015-11-24 19:57:04.010  INFO 21732 --- [    Test worker] java.sql.DatabaseMetaData                : HHH000262: Table not found: activity_newsletters
2015-11-24 19:57:04.010  INFO 21732 --- [    Test worker] java.sql.DatabaseMetaData                : HHH000262: Table not found: activity_users
2015-11-24 19:57:04.011  INFO 21732 --- [    Test worker] java.sql.DatabaseMetaData                : HHH000262: Table not found: newsletter
2015-11-24 19:57:04.012  INFO 21732 --- [    Test worker] java.sql.DatabaseMetaData                : HHH000262: Table not found: newsletter_photos
2015-11-24 19:57:04.013  INFO 21732 --- [    Test worker] java.sql.DatabaseMetaData                : HHH000262: Table not found: notice
2015-11-24 19:57:04.013  INFO 21732 --- [    Test worker] java.sql.DatabaseMetaData                : HHH000262: Table not found: permission
2015-11-24 19:57:04.014  INFO 21732 --- [    Test worker] java.sql.DatabaseMetaData                : HHH000262: Table not found: resource
2015-11-24 19:57:04.014  INFO 21732 --- [    Test worker] java.sql.DatabaseMetaData                : HHH000262: Table not found: reward_penalty
2015-11-24 19:57:04.015  INFO 21732 --- [    Test worker] java.sql.DatabaseMetaData                : HHH000262: Table not found: reward_penalty_users
2015-11-24 19:57:04.015  INFO 21732 --- [    Test worker] java.sql.DatabaseMetaData                : HHH000262: Table not found: role
2015-11-24 19:57:04.016  INFO 21732 --- [    Test worker] java.sql.DatabaseMetaData                : HHH000262: Table not found: role_permissions
2015-11-24 19:57:04.016  INFO 21732 --- [    Test worker] java.sql.DatabaseMetaData                : HHH000262: Table not found: salary
2015-11-24 19:57:04.017  INFO 21732 --- [    Test worker] java.sql.DatabaseMetaData                : HHH000262: Table not found: user
2015-11-24 19:57:04.018  INFO 21732 --- [    Test worker] java.sql.DatabaseMetaData                : HHH000262: Table not found: user_reward_penalties
2015-11-24 19:57:04.018  INFO 21732 --- [    Test worker] java.sql.DatabaseMetaData                : HHH000262: Table not found: user_roles
2015-11-24 19:57:04.019  INFO 21732 --- [    Test worker] java.sql.DatabaseMetaData                : HHH000262: Table not found: activity
2015-11-24 19:57:04.020  INFO 21732 --- [    Test worker] java.sql.DatabaseMetaData                : HHH000262: Table not found: activity_newsletters
2015-11-24 19:57:04.020  INFO 21732 --- [    Test worker] java.sql.DatabaseMetaData                : HHH000262: Table not found: activity_users
2015-11-24 19:57:04.021  INFO 21732 --- [    Test worker] java.sql.DatabaseMetaData                : HHH000262: Table not found: newsletter
2015-11-24 19:57:04.022  INFO 21732 --- [    Test worker] java.sql.DatabaseMetaData                : HHH000262: Table not found: newsletter_photos
2015-11-24 19:57:04.023  INFO 21732 --- [    Test worker] java.sql.DatabaseMetaData                : HHH000262: Table not found: notice
2015-11-24 19:57:04.024  INFO 21732 --- [    Test worker] java.sql.DatabaseMetaData                : HHH000262: Table not found: permission
2015-11-24 19:57:04.025  INFO 21732 --- [    Test worker] java.sql.DatabaseMetaData                : HHH000262: Table not found: resource
2015-11-24 19:57:04.026  INFO 21732 --- [    Test worker] java.sql.DatabaseMetaData                : HHH000262: Table not found: reward_penalty
2015-11-24 19:57:04.026  INFO 21732 --- [    Test worker] java.sql.DatabaseMetaData                : HHH000262: Table not found: reward_penalty_users
2015-11-24 19:57:04.027  INFO 21732 --- [    Test worker] java.sql.DatabaseMetaData                : HHH000262: Table not found: role
2015-11-24 19:57:04.028  INFO 21732 --- [    Test worker] java.sql.DatabaseMetaData                : HHH000262: Table not found: role_permissions
2015-11-24 19:57:04.028  INFO 21732 --- [    Test worker] java.sql.DatabaseMetaData                : HHH000262: Table not found: salary
2015-11-24 19:57:04.029  INFO 21732 --- [    Test worker] java.sql.DatabaseMetaData                : HHH000262: Table not found: user
2015-11-24 19:57:04.029  INFO 21732 --- [    Test worker] java.sql.DatabaseMetaData                : HHH000262: Table not found: user_reward_penalties
2015-11-24 19:57:04.030  INFO 21732 --- [    Test worker] java.sql.DatabaseMetaData                : HHH000262: Table not found: user_roles
2015-11-24 19:57:04.937  INFO 21732 --- [    Test worker] org.hibernate.tool.hbm2ddl.SchemaUpdate  : HHH000232: Schema update complete
2015-11-24 19:57:06.170  INFO 21732 --- [    Test worker] o.s.s.web.DefaultSecurityFilterChain     : Creating filter chain: org.springframework.security.web.util.matcher.AnyRequestMatcher@1, [org.springframework.security.web.context.request.async.WebAsyncManagerIntegrationFilter@68b40b65, org.springframework.security.web.context.SecurityContextPersistenceFilter@4ecca827, org.springframework.security.web.header.HeaderWriterFilter@7865bb5f, org.springframework.security.web.csrf.CsrfFilter@7115e93, org.springframework.security.web.authentication.logout.LogoutFilter@1349af03, org.springframework.security.web.authentication.UsernamePasswordAuthenticationFilter@7184aee, org.springframework.security.web.savedrequest.RequestCacheAwareFilter@455fd061, org.springframework.security.web.servletapi.SecurityContextHolderAwareRequestFilter@47cc7b80, org.springframework.security.web.authentication.rememberme.RememberMeAuthenticationFilter@6358c632, org.springframework.security.web.authentication.AnonymousAuthenticationFilter@5043d24b, org.springframework.security.web.session.SessionManagementFilter@3264d972, org.springframework.security.web.access.ExceptionTranslationFilter@2e642e28, org.springframework.security.web.access.intercept.FilterSecurityInterceptor@310c3d0f]
2015-11-24 19:57:06.490  INFO 21732 --- [    Test worker] s.w.s.m.m.a.RequestMappingHandlerAdapter : Looking for @ControllerAdvice: org.springframework.web.context.support.GenericWebApplicationContext@3b856aae: startup date [Tue Nov 24 19:57:00 CST 2015]; root of context hierarchy
2015-11-24 19:57:06.538  INFO 21732 --- [    Test worker] s.w.s.m.m.a.RequestMappingHandlerMapping : Mapped "{[/newslist]}" onto public java.lang.String cn.edu.dhu.library.littlebee.controller.NewsletterController.newslist(org.springframework.ui.Model)
2015-11-24 19:57:06.539  INFO 21732 --- [    Test worker] s.w.s.m.m.a.RequestMappingHandlerMapping : Mapped "{[/user/{id}]}" onto public org.springframework.web.servlet.ModelAndView cn.edu.dhu.library.littlebee.controller.UserController.getUserPage(java.util.UUID)
2015-11-24 19:57:06.539  INFO 21732 --- [    Test worker] s.w.s.m.m.a.RequestMappingHandlerMapping : Mapped "{[/register],methods=[GET]}" onto public org.springframework.web.servlet.ModelAndView cn.edu.dhu.library.littlebee.controller.UserController.getUserCreatePage()
2015-11-24 19:57:06.539  INFO 21732 --- [    Test worker] s.w.s.m.m.a.RequestMappingHandlerMapping : Mapped "{[/register],methods=[POST]}" onto public java.lang.String cn.edu.dhu.library.littlebee.controller.UserController.handleUserCreateForm(cn.edu.dhu.library.littlebee.controller.form.UserCreateForm,org.springframework.validation.BindingResult)
2015-11-24 19:57:06.540  INFO 21732 --- [    Test worker] s.w.s.m.m.a.RequestMappingHandlerMapping : Mapped "{[/login]}" onto public java.lang.String cn.edu.dhu.library.littlebee.controller.IndexController.login(org.springframework.ui.Model)
2015-11-24 19:57:06.540  INFO 21732 --- [    Test worker] s.w.s.m.m.a.RequestMappingHandlerMapping : Mapped "{[/]}" onto public java.lang.String cn.edu.dhu.library.littlebee.controller.IndexController.index(org.springframework.ui.Model)
2015-11-24 19:57:06.541  INFO 21732 --- [    Test worker] s.w.s.m.m.a.RequestMappingHandlerMapping : Mapped "{[/error],produces=[text/html]}" onto public org.springframework.web.servlet.ModelAndView org.springframework.boot.autoconfigure.web.BasicErrorController.errorHtml(javax.servlet.http.HttpServletRequest)
2015-11-24 19:57:06.542  INFO 21732 --- [    Test worker] s.w.s.m.m.a.RequestMappingHandlerMapping : Mapped "{[/error]}" onto public org.springframework.http.ResponseEntity<java.util.Map<java.lang.String, java.lang.Object>> org.springframework.boot.autoconfigure.web.BasicErrorController.error(javax.servlet.http.HttpServletRequest)
2015-11-24 19:57:06.563  INFO 21732 --- [    Test worker] o.s.w.s.handler.SimpleUrlHandlerMapping  : Mapped URL path [/webjars/**] onto handler of type [class org.springframework.web.servlet.resource.ResourceHttpRequestHandler]
2015-11-24 19:57:06.563  INFO 21732 --- [    Test worker] o.s.w.s.handler.SimpleUrlHandlerMapping  : Mapped URL path [/**] onto handler of type [class org.springframework.web.servlet.resource.ResourceHttpRequestHandler]
2015-11-24 19:57:06.604  INFO 21732 --- [    Test worker] o.s.w.s.handler.SimpleUrlHandlerMapping  : Mapped URL path [/**/favicon.ico] onto handler of type [class org.springframework.web.servlet.resource.ResourceHttpRequestHandler]
2015-11-24 19:57:07.041  INFO 21732 --- [    Test worker] b.a.s.AuthenticationManagerConfiguration : 

Using default security password: 9dbab934-703c-4df6-ab7c-1db9a7762639

2015-11-24 19:57:07.086  INFO 21732 --- [    Test worker] c.e.d.l.l.LittlebeeApplicationTests      : Started LittlebeeApplicationTests in 6.418 seconds (JVM running for 7.366)
]]></system-out>
  <system-err><![CDATA[]]></system-err>
</testsuite>
